2022-12-20 19:04:10,823 INFO  [LoginPageElements] username set to Assessment_representative 
2022-12-20 19:04:10,902 INFO  [LoginPageElements] password set to appian@123 
2022-12-20 19:04:14,053 INFO  [LoginPageElements] Signin button clicked 
2022-12-20 19:05:52,517 INFO  [LoginPageElements] username set to Assessment_representative 
2022-12-20 19:05:52,599 INFO  [LoginPageElements] password set to appian@123 
2022-12-20 19:05:55,708 INFO  [LoginPageElements] Signin button clicked 
2022-12-20 19:08:56,158 INFO  [LoginPageElements] username set to Assessment_representative 
2022-12-20 19:08:56,238 INFO  [LoginPageElements] password set to appian@123 
2022-12-20 19:08:59,443 INFO  [LoginPageElements] Signin button clicked 
2022-12-20 19:13:05,349 INFO  [LoginPageElements] username set to Assessment_representative 
2022-12-20 19:13:05,430 INFO  [LoginPageElements] password set to appian@123 
2022-12-20 19:13:08,578 INFO  [LoginPageElements] Signin button clicked 
2022-12-20 19:23:20,892 INFO  [LoginPageElements] username set to Assessment_representative 
2022-12-20 19:23:20,974 INFO  [LoginPageElements] password set to appian@123 
2022-12-20 19:23:24,200 INFO  [LoginPageElements] Signin button clicked 
2022-12-20 19:23:47,961 INFO  [HomePageElements] Clicked Yes button for coastal committee 
2022-12-20 19:25:25,421 INFO  [LoginPageElements] username set to Assessment_representative 
2022-12-20 19:25:25,517 INFO  [LoginPageElements] password set to appian@123 
2022-12-20 19:25:28,658 INFO  [LoginPageElements] Signin button clicked 
2022-12-20 19:25:49,313 INFO  [HomePageElements] Clicked Accept Button 
2022-12-20 19:25:52,556 INFO  [HomePageElements] Clicked Yes button for coastal committee 
2022-12-20 19:25:52,786 INFO  [HomePageElements] Set NCEC Required date to 12/31/2022 
2022-12-20 19:25:53,053 INFO  [HomePageElements] Approval Type Selected= Standard 
2022-12-20 19:25:54,268 INFO  [HomePageElements] Phase Type Selected= Construction 
2022-12-20 19:25:55,474 INFO  [HomePageElements] Detailed MasterPlan Type Selected= Incomplete 
2022-12-20 19:25:56,686 INFO  [HomePageElements] Concept Design Type Selected= Complete 
2022-12-20 19:25:57,901 INFO  [HomePageElements] Execution Plan Type Selected= Not Applicable 
2022-12-20 19:26:05,957 INFO  [HomePageElements] Clicked Next Button 
2022-12-20 19:26:21,053 INFO  [HomePageElements] Clicked Next Button 
2022-12-20 19:28:56,381 INFO  [LoginPageElements] username set to Assessment_representative 
2022-12-20 19:28:56,462 INFO  [LoginPageElements] password set to appian@123 
2022-12-20 19:28:59,644 INFO  [LoginPageElements] Signin button clicked 
2022-12-20 19:29:20,339 INFO  [HomePageElements] Already clicked Accept Button 
2022-12-20 19:29:23,631 INFO  [HomePageElements] Clicked Yes button for coastal committee 
2022-12-20 19:29:23,860 INFO  [HomePageElements] Set NCEC Required date to 12/31/2022 
2022-12-20 19:29:24,111 INFO  [HomePageElements] Approval Type Selected= Standard 
2022-12-20 19:29:25,326 INFO  [HomePageElements] Phase Type Selected= Construction 
2022-12-20 19:29:26,539 INFO  [HomePageElements] Detailed MasterPlan Type Selected= Incomplete 
2022-12-20 19:29:27,767 INFO  [HomePageElements] Concept Design Type Selected= Complete 
2022-12-20 19:29:28,980 INFO  [HomePageElements] Execution Plan Type Selected= Not Applicable 
2022-12-20 19:29:37,103 INFO  [HomePageElements] Clicked Next Button 
2022-12-20 19:29:52,154 INFO  [HomePageElements] Clicked Next Button 
2022-12-20 19:30:02,701 INFO  [HomePageElements] Clicked Next Button 
2022-12-20 19:30:15,547 INFO  [HomePageElements] Clicked Next Button 
2022-12-20 19:30:30,139 INFO  [HomePageElements] Clicked Submit Button 
